2019-08-14 21:46:46,788 ERROR 1414 [-/::1/-/5ms GET /] nodejs.Error: Please set config.keys first
    at Application.get keys [as keys] (/Users/guojiongwei/Desktop/wuyou/egg/myapp/node_modules/_egg@2.23.0@egg/lib/application.js:266:15)
    at Object.get cookies [as cookies] (/Users/guojiongwei/Desktop/wuyou/egg/myapp/node_modules/_egg@2.23.0@egg/app/extend/context.js:22:66)
    at Object.get [egg-security#CSRF_SECRET] (/Users/guojiongwei/Desktop/wuyou/egg/myapp/node_modules/_egg-security@2.6.1@egg-security/app/extend/context.js:87:33)
    at Object.ensureCsrfSecret (/Users/guojiongwei/Desktop/wuyou/egg/myapp/node_modules/_egg-security@2.6.1@egg-security/app/extend/context.js:98:13)
    at csrf (/Users/guojiongwei/Desktop/wuyou/egg/myapp/node_modules/_egg-security@2.6.1@egg-security/lib/middlewares/csrf.js:15:11)
    at dispatch (/Users/guojiongwei/Desktop/wuyou/egg/myapp/node_modules/_koa-compose@4.1.0@koa-compose/index.js:42:32)
    at /Users/guojiongwei/Desktop/wuyou/egg/myapp/node_modules/_koa-compose@4.1.0@koa-compose/index.js:34:12
    at dispatch (/Users/guojiongwei/Desktop/wuyou/egg/myapp/node_modules/_koa-compose@4.1.0@koa-compose/index.js:42:32)
    at session (/Users/guojiongwei/Desktop/wuyou/egg/myapp/node_modules/_koa-session@5.12.2@koa-session/index.js:41:13)
    at dispatch (/Users/guojiongwei/Desktop/wuyou/egg/myapp/node_modules/_koa-compose@4.1.0@koa-compose/index.js:42:32)

pid: 1414
hostname: guojionweidembp

2019-08-14 22:14:25,488 ERROR 651 [-/::1/-/92ms GET /] nodejs.TemplateError: /Users/guojiongwei/Desktop/wuyou/egg/myapp/app/view/index.html:11:7
    9| <body>
    10|   <h1>我是首页</h1>
 >> 11|   <h2>{{help.formDate(name)}}</h2>
    12| </body>
    13| </html>

RuntimeError: Cannot read property 'formDate' of undefined
    9| <body>
    10|   <h1>我是首页</h1>
 >> 11|   <h2>{{help.formDate(name)}}</h2>
    12| </body>
    13| </html>

RuntimeError: Cannot read property 'formDate' of undefined
name: "TemplateError"
pid: 651
hostname: 192.168.1.105

2019-08-14 22:15:33,048 ERROR 651 [-/::1/-/1ms GET /] nodejs.TemplateError: Cannot read property 'formDate' of undefined
TemplateError: Cannot read property 'formDate' of undefined
name: "TemplateError"
pid: 651
hostname: 192.168.1.105

2019-08-14 22:15:41,835 ERROR 651 [-/::1/-/1ms GET /] nodejs.TemplateError: Cannot read property 'formDate' of undefined
TemplateError: Cannot read property 'formDate' of undefined
name: "TemplateError"
pid: 651
hostname: 192.168.1.105

2019-08-14 22:15:47,756 ERROR 651 [-/::1/-/1ms GET /] nodejs.TemplateError: Cannot read property 'formDate' of undefined
TemplateError: Cannot read property 'formDate' of undefined
name: "TemplateError"
pid: 651
hostname: 192.168.1.105

2019-08-14 22:16:50,723 ERROR 664 [-/::1/-/85ms GET /] nodejs.TemplateError: /Users/guojiongwei/Desktop/wuyou/egg/myapp/app/view/index.html:11:7
    9| <body>
    10|   <h1>我是首页</h1>
 >> 11|   <h2>{{help.formDate(name)}}</h2>
    12| </body>
    13| </html>

RuntimeError: Cannot read property 'formDate' of undefined
    9| <body>
    10|   <h1>我是首页</h1>
 >> 11|   <h2>{{help.formDate(name)}}</h2>
    12| </body>
    13| </html>

RuntimeError: Cannot read property 'formDate' of undefined
name: "TemplateError"
pid: 664
hostname: 192.168.1.105

2019-08-14 22:18:28,444 ERROR 665 [-/::1/-/90ms GET /] nodejs.TemplateError: /Users/guojiongwei/Desktop/wuyou/egg/myapp/app/view/index.html:11:7
    9| <body>
    10|   <h1>我是首页</h1>
 >> 11|   <h2>{{help.relativeTime(name)}}</h2>
    12| </body>
    13| </html>

RuntimeError: Cannot read property 'relativeTime' of undefined
    9| <body>
    10|   <h1>我是首页</h1>
 >> 11|   <h2>{{help.relativeTime(name)}}</h2>
    12| </body>
    13| </html>

RuntimeError: Cannot read property 'relativeTime' of undefined
name: "TemplateError"
pid: 665
hostname: 192.168.1.105

2019-08-14 22:18:29,606 ERROR 665 [-/::1/-/1ms GET /] nodejs.TemplateError: Cannot read property 'relativeTime' of undefined
TemplateError: Cannot read property 'relativeTime' of undefined
name: "TemplateError"
pid: 665
hostname: 192.168.1.105

2019-08-14 22:19:00,997 ERROR 671 [-/::1/-/85ms GET /] nodejs.TemplateError: /Users/guojiongwei/Desktop/wuyou/egg/myapp/app/view/index.html:11:7
    9| <body>
    10|   <h1>我是首页</h1>
 >> 11|   <h2>{{help.relativeTime(name)}}</h2>
    12| </body>
    13| </html>

RuntimeError: Cannot read property 'relativeTime' of undefined
    9| <body>
    10|   <h1>我是首页</h1>
 >> 11|   <h2>{{help.relativeTime(name)}}</h2>
    12| </body>
    13| </html>

RuntimeError: Cannot read property 'relativeTime' of undefined
name: "TemplateError"
pid: 671
hostname: 192.168.1.105

2019-08-14 22:19:02,226 ERROR 671 [-/::1/-/2ms GET /] nodejs.TemplateError: Cannot read property 'relativeTime' of undefined
TemplateError: Cannot read property 'relativeTime' of undefined
name: "TemplateError"
pid: 671
hostname: 192.168.1.105

2019-08-14 22:19:03,881 ERROR 671 [-/::1/-/0ms GET /] nodejs.TemplateError: Cannot read property 'relativeTime' of undefined
TemplateError: Cannot read property 'relativeTime' of undefined
name: "TemplateError"
pid: 671
hostname: 192.168.1.105

2019-08-14 22:19:04,495 ERROR 671 [-/::1/-/1ms GET /] nodejs.TemplateError: Cannot read property 'relativeTime' of undefined
TemplateError: Cannot read property 'relativeTime' of undefined
name: "TemplateError"
pid: 671
hostname: 192.168.1.105

2019-08-14 22:20:56,729 ERROR 678 [-/::1/-/92ms GET /] nodejs.TemplateError: /Users/guojiongwei/Desktop/wuyou/egg/myapp/app/view/index.html:11:7
    9| <body>
    10|   <h1>我是首页</h1>
 >> 11|   <h2>{{help.relativeTime(name)}}</h2>
    12| </body>
    13| </html>

RuntimeError: Cannot read property 'relativeTime' of undefined
    9| <body>
    10|   <h1>我是首页</h1>
 >> 11|   <h2>{{help.relativeTime(name)}}</h2>
    12| </body>
    13| </html>

RuntimeError: Cannot read property 'relativeTime' of undefined
name: "TemplateError"
pid: 678
hostname: 192.168.1.105

2019-08-14 22:51:51,413 ERROR 828 [-/::1/-/1104ms GET /] nodejs.TemplateError: /Users/guojiongwei/Desktop/wuyou/egg/myapp/app/view/index.html:54:29
    52|                           </svg>
    53|                       </a>
 >> 54|                       <time>{{@ $value.createTime.toLocaleDateString() }}</time>
    55|                       <h2 class="name">
    56|                         <a class="href" href="{{'/article/' + $value._id}}">
    57|                           {{$value.title}}

RuntimeError: $value.createTime.toLocaleDateString is not a function
    52|                           </svg>
    53|                       </a>
 >> 54|                       <time>{{@ $value.createTime.toLocaleDateString() }}</time>
    55|                       <h2 class="name">
    56|                         <a class="href" href="{{'/article/' + $value._id}}">
    57|                           {{$value.title}}

RuntimeError: $value.createTime.toLocaleDateString is not a function
name: "TemplateError"
pid: 828
hostname: guojionweidembp

2019-08-14 22:52:14,015 ERROR 828 [-/::1/-/2138ms GET /] nodejs.TemplateError: $value.createTime.toLocaleDateString is not a function
TemplateError: $value.createTime.toLocaleDateString is not a function
name: "TemplateError"
pid: 828
hostname: guojionweidembp

2019-08-14 22:55:37,453 ERROR 836 [-/::1/-/1379ms GET /] nodejs.TemplateError: /Users/guojiongwei/Desktop/wuyou/egg/myapp/app/view/index.html:54:29
    52|                           </svg>
    53|                       </a>
 >> 54|                       <time>{{@ $value.createTime.toLocaleDateString() }}</time>
    55|                       <h2 class="name">
    56|                         <a class="href" href="{{'/article/' + $value._id}}">
    57|                           {{$value.title}}

RuntimeError: $value.createTime.toLocaleDateString is not a function
    52|                           </svg>
    53|                       </a>
 >> 54|                       <time>{{@ $value.createTime.toLocaleDateString() }}</time>
    55|                       <h2 class="name">
    56|                         <a class="href" href="{{'/article/' + $value._id}}">
    57|                           {{$value.title}}

RuntimeError: $value.createTime.toLocaleDateString is not a function
name: "TemplateError"
pid: 836
hostname: guojionweidembp

2019-08-14 22:56:57,991 ERROR 836 [-/::1/-/1868ms GET /] nodejs.TemplateError: $value.createTime.toLocaleDateString is not a function
TemplateError: $value.createTime.toLocaleDateString is not a function
name: "TemplateError"
pid: 836
hostname: guojionweidembp

2019-08-14 22:57:27,215 ERROR 836 [-/::1/-/220ms GET /] nodejs.TemplateError: $value.createTime.toLocaleDateString is not a function
TemplateError: $value.createTime.toLocaleDateString is not a function
name: "TemplateError"
pid: 836
hostname: guojionweidembp

2019-08-14 22:57:55,525 ERROR 836 [-/::1/-/448ms GET /] nodejs.TemplateError: $value.createTime.toLocaleDateString is not a function
TemplateError: $value.createTime.toLocaleDateString is not a function
name: "TemplateError"
pid: 836
hostname: guojionweidembp

2019-08-14 22:58:18,852 ERROR 836 [-/::1/-/392ms GET /] nodejs.TemplateError: $value.createTime.toLocaleDateString is not a function
TemplateError: $value.createTime.toLocaleDateString is not a function
name: "TemplateError"
pid: 836
hostname: guojionweidembp

2019-08-14 22:58:25,175 ERROR 836 [-/::1/-/215ms GET /] nodejs.TemplateError: $value.createTime.toLocaleDateString is not a function
TemplateError: $value.createTime.toLocaleDateString is not a function
name: "TemplateError"
pid: 836
hostname: guojionweidembp

2019-08-14 23:04:00,263 ERROR 935 [-/::1/-/563ms GET /] nodejs.TemplateError: /Users/guojiongwei/Desktop/wuyou/egg/myapp/app/view/index.html:54:29
    52|                           </svg>
    53|                       </a>
 >> 54|                       <time>{{ $value.createTime.toLocaleDateString() }}</time>
    55|                       <h2 class="name">
    56|                         <a class="href" href="{{'/article/' + $value._id}}">
    57|                           {{$value.title}}

RuntimeError: $value.createTime.toLocaleDateString is not a function
    52|                           </svg>
    53|                       </a>
 >> 54|                       <time>{{ $value.createTime.toLocaleDateString() }}</time>
    55|                       <h2 class="name">
    56|                         <a class="href" href="{{'/article/' + $value._id}}">
    57|                           {{$value.title}}

RuntimeError: $value.createTime.toLocaleDateString is not a function
name: "TemplateError"
pid: 935
hostname: guojionweidembp

2019-08-17 00:57:56,290 ERROR 942 nodejs.ClusterClientNoResponseError: client no response in 640075ms exceeding maxIdleTime 60000ms, maybe the connection is close on other side.
    at Timeout.Leader._heartbeatTimer.setInterval [as _onTimeout] (/Users/guojiongwei/Desktop/wuyou/egg/myapp/node_modules/_cluster-client@3.0.1@cluster-client/lib/leader.js:77:23)
    at ontimeout (timers.js:436:11)
    at tryOnTimeout (timers.js:300:5)
    at listOnTimeout (timers.js:263:5)
    at Timer.processTimers (timers.js:223:10)
name: "ClusterClientNoResponseError"
pid: 942
hostname: guojionweidembp

2019-08-17 01:05:53,237 ERROR 942 nodejs.ClusterClientNoResponseError: client no response in 436909ms exceeding maxIdleTime 60000ms, maybe the connection is close on other side.
    at Timeout.Leader._heartbeatTimer.setInterval [as _onTimeout] (/Users/guojiongwei/Desktop/wuyou/egg/myapp/node_modules/_cluster-client@3.0.1@cluster-client/lib/leader.js:77:23)
    at ontimeout (timers.js:436:11)
    at tryOnTimeout (timers.js:300:5)
    at listOnTimeout (timers.js:263:5)
    at Timer.processTimers (timers.js:223:10)
name: "ClusterClientNoResponseError"
pid: 942
hostname: guojionweidembp

2019-08-17 01:46:29,041 ERROR 942 nodejs.ClusterClientNoResponseError: client no response in 2395780ms exceeding maxIdleTime 60000ms, maybe the connection is close on other side.
    at Timeout.Leader._heartbeatTimer.setInterval [as _onTimeout] (/Users/guojiongwei/Desktop/wuyou/egg/myapp/node_modules/_cluster-client@3.0.1@cluster-client/lib/leader.js:77:23)
    at ontimeout (timers.js:436:11)
    at tryOnTimeout (timers.js:300:5)
    at listOnTimeout (timers.js:263:5)
    at Timer.processTimers (timers.js:223:10)
name: "ClusterClientNoResponseError"
pid: 942
hostname: guojionweidembp

2019-08-17 03:52:47,849 ERROR 942 nodejs.ClusterClientNoResponseError: client no response in 7218707ms exceeding maxIdleTime 60000ms, maybe the connection is close on other side.
    at Timeout.Leader._heartbeatTimer.setInterval [as _onTimeout] (/Users/guojiongwei/Desktop/wuyou/egg/myapp/node_modules/_cluster-client@3.0.1@cluster-client/lib/leader.js:77:23)
    at ontimeout (timers.js:436:11)
    at tryOnTimeout (timers.js:300:5)
    at listOnTimeout (timers.js:263:5)
    at Timer.processTimers (timers.js:223:10)
name: "ClusterClientNoResponseError"
pid: 942
hostname: guojionweidembp

2019-08-17 05:59:27,723 ERROR 942 nodejs.ClusterClientNoResponseError: client no response in 7219720ms exceeding maxIdleTime 60000ms, maybe the connection is close on other side.
    at Timeout.Leader._heartbeatTimer.setInterval [as _onTimeout] (/Users/guojiongwei/Desktop/wuyou/egg/myapp/node_modules/_cluster-client@3.0.1@cluster-client/lib/leader.js:77:23)
    at ontimeout (timers.js:436:11)
    at tryOnTimeout (timers.js:300:5)
    at listOnTimeout (timers.js:263:5)
    at Timer.processTimers (timers.js:223:10)
name: "ClusterClientNoResponseError"
pid: 942
hostname: guojionweidembp

2019-08-17 06:31:35,487 ERROR 942 nodejs.ClusterClientNoResponseError: client no response in 1467612ms exceeding maxIdleTime 60000ms, maybe the connection is close on other side.
    at Timeout.Leader._heartbeatTimer.setInterval [as _onTimeout] (/Users/guojiongwei/Desktop/wuyou/egg/myapp/node_modules/_cluster-client@3.0.1@cluster-client/lib/leader.js:77:23)
    at ontimeout (timers.js:436:11)
    at tryOnTimeout (timers.js:300:5)
    at listOnTimeout (timers.js:263:5)
    at Timer.processTimers (timers.js:223:10)
name: "ClusterClientNoResponseError"
pid: 942
hostname: guojionweidembp

2019-08-17 06:40:54,327 ERROR 942 nodejs.ClusterClientNoResponseError: client no response in 115251ms exceeding maxIdleTime 60000ms, maybe the connection is close on other side.
    at Timeout.Leader._heartbeatTimer.setInterval [as _onTimeout] (/Users/guojiongwei/Desktop/wuyou/egg/myapp/node_modules/_cluster-client@3.0.1@cluster-client/lib/leader.js:77:23)
    at ontimeout (timers.js:436:11)
    at tryOnTimeout (timers.js:300:5)
    at listOnTimeout (timers.js:263:5)
    at Timer.processTimers (timers.js:223:10)
name: "ClusterClientNoResponseError"
pid: 942
hostname: guojionweidembp

2019-08-17 06:45:22,774 ERROR 942 nodejs.ClusterClientNoResponseError: client no response in 179372ms exceeding maxIdleTime 60000ms, maybe the connection is close on other side.
    at Timeout.Leader._heartbeatTimer.setInterval [as _onTimeout] (/Users/guojiongwei/Desktop/wuyou/egg/myapp/node_modules/_cluster-client@3.0.1@cluster-client/lib/leader.js:77:23)
    at ontimeout (timers.js:436:11)
    at tryOnTimeout (timers.js:300:5)
    at listOnTimeout (timers.js:263:5)
    at Timer.processTimers (timers.js:223:10)
name: "ClusterClientNoResponseError"
pid: 942
hostname: guojionweidembp

2019-08-17 06:48:25,725 ERROR 942 nodejs.ClusterClientNoResponseError: client no response in 145425ms exceeding maxIdleTime 60000ms, maybe the connection is close on other side.
    at Timeout.Leader._heartbeatTimer.setInterval [as _onTimeout] (/Users/guojiongwei/Desktop/wuyou/egg/myapp/node_modules/_cluster-client@3.0.1@cluster-client/lib/leader.js:77:23)
    at ontimeout (timers.js:436:11)
    at tryOnTimeout (timers.js:300:5)
    at listOnTimeout (timers.js:263:5)
    at Timer.processTimers (timers.js:223:10)
name: "ClusterClientNoResponseError"
pid: 942
hostname: guojionweidembp

2019-08-17 06:51:21,843 ERROR 942 nodejs.ClusterClientNoResponseError: client no response in 69514ms exceeding maxIdleTime 60000ms, maybe the connection is close on other side.
    at Timeout.Leader._heartbeatTimer.setInterval [as _onTimeout] (/Users/guojiongwei/Desktop/wuyou/egg/myapp/node_modules/_cluster-client@3.0.1@cluster-client/lib/leader.js:77:23)
    at ontimeout (timers.js:436:11)
    at tryOnTimeout (timers.js:300:5)
    at listOnTimeout (timers.js:263:5)
    at Timer.processTimers (timers.js:223:10)
name: "ClusterClientNoResponseError"
pid: 942
hostname: guojionweidembp

2019-08-17 06:52:33,837 ERROR 942 nodejs.ClusterClientNoResponseError: client no response in 71905ms exceeding maxIdleTime 60000ms, maybe the connection is close on other side.
    at Timeout.Leader._heartbeatTimer.setInterval [as _onTimeout] (/Users/guojiongwei/Desktop/wuyou/egg/myapp/node_modules/_cluster-client@3.0.1@cluster-client/lib/leader.js:77:23)
    at ontimeout (timers.js:436:11)
    at tryOnTimeout (timers.js:300:5)
    at listOnTimeout (timers.js:263:5)
    at Timer.processTimers (timers.js:223:10)
name: "ClusterClientNoResponseError"
pid: 942
hostname: guojionweidembp

2019-08-17 06:56:33,633 ERROR 942 nodejs.ClusterClientNoResponseError: client no response in 182048ms exceeding maxIdleTime 60000ms, maybe the connection is close on other side.
    at Timeout.Leader._heartbeatTimer.setInterval [as _onTimeout] (/Users/guojiongwei/Desktop/wuyou/egg/myapp/node_modules/_cluster-client@3.0.1@cluster-client/lib/leader.js:77:23)
    at ontimeout (timers.js:436:11)
    at tryOnTimeout (timers.js:300:5)
    at listOnTimeout (timers.js:263:5)
    at Timer.processTimers (timers.js:223:10)
name: "ClusterClientNoResponseError"
pid: 942
hostname: guojionweidembp

2019-08-17 06:58:27,252 ERROR 942 nodejs.ClusterClientNoResponseError: client no response in 113588ms exceeding maxIdleTime 60000ms, maybe the connection is close on other side.
    at Timeout.Leader._heartbeatTimer.setInterval [as _onTimeout] (/Users/guojiongwei/Desktop/wuyou/egg/myapp/node_modules/_cluster-client@3.0.1@cluster-client/lib/leader.js:77:23)
    at ontimeout (timers.js:436:11)
    at tryOnTimeout (timers.js:300:5)
    at listOnTimeout (timers.js:263:5)
    at Timer.processTimers (timers.js:223:10)
name: "ClusterClientNoResponseError"
pid: 942
hostname: guojionweidembp

2019-08-17 07:00:25,728 ERROR 942 nodejs.ClusterClientNoResponseError: client no response in 118391ms exceeding maxIdleTime 60000ms, maybe the connection is close on other side.
    at Timeout.Leader._heartbeatTimer.setInterval [as _onTimeout] (/Users/guojiongwei/Desktop/wuyou/egg/myapp/node_modules/_cluster-client@3.0.1@cluster-client/lib/leader.js:77:23)
    at ontimeout (timers.js:436:11)
    at tryOnTimeout (timers.js:300:5)
    at listOnTimeout (timers.js:263:5)
    at Timer.processTimers (timers.js:223:10)
name: "ClusterClientNoResponseError"
pid: 942
hostname: guojionweidembp

2019-08-17 07:02:33,556 ERROR 942 nodejs.ClusterClientNoResponseError: client no response in 127764ms exceeding maxIdleTime 60000ms, maybe the connection is close on other side.
    at Timeout.Leader._heartbeatTimer.setInterval [as _onTimeout] (/Users/guojiongwei/Desktop/wuyou/egg/myapp/node_modules/_cluster-client@3.0.1@cluster-client/lib/leader.js:77:23)
    at ontimeout (timers.js:436:11)
    at tryOnTimeout (timers.js:300:5)
    at listOnTimeout (timers.js:263:5)
    at Timer.processTimers (timers.js:223:10)
name: "ClusterClientNoResponseError"
pid: 942
hostname: guojionweidembp

2019-08-17 07:06:01,407 ERROR 942 nodejs.ClusterClientNoResponseError: client no response in 178502ms exceeding maxIdleTime 60000ms, maybe the connection is close on other side.
    at Timeout.Leader._heartbeatTimer.setInterval [as _onTimeout] (/Users/guojiongwei/Desktop/wuyou/egg/myapp/node_modules/_cluster-client@3.0.1@cluster-client/lib/leader.js:77:23)
    at ontimeout (timers.js:436:11)
    at tryOnTimeout (timers.js:300:5)
    at listOnTimeout (timers.js:263:5)
    at Timer.processTimers (timers.js:223:10)
name: "ClusterClientNoResponseError"
pid: 942
hostname: guojionweidembp

2019-08-17 07:07:42,510 ERROR 942 nodejs.ClusterClientNoResponseError: client no response in 101029ms exceeding maxIdleTime 60000ms, maybe the connection is close on other side.
    at Timeout.Leader._heartbeatTimer.setInterval [as _onTimeout] (/Users/guojiongwei/Desktop/wuyou/egg/myapp/node_modules/_cluster-client@3.0.1@cluster-client/lib/leader.js:77:23)
    at ontimeout (timers.js:436:11)
    at tryOnTimeout (timers.js:300:5)
    at listOnTimeout (timers.js:263:5)
    at Timer.processTimers (timers.js:223:10)
name: "ClusterClientNoResponseError"
pid: 942
hostname: guojionweidembp

2019-08-17 07:09:21,542 ERROR 942 nodejs.ClusterClientNoResponseError: client no response in 60868ms exceeding maxIdleTime 60000ms, maybe the connection is close on other side.
    at Timeout.Leader._heartbeatTimer.setInterval [as _onTimeout] (/Users/guojiongwei/Desktop/wuyou/egg/myapp/node_modules/_cluster-client@3.0.1@cluster-client/lib/leader.js:77:23)
    at ontimeout (timers.js:436:11)
    at tryOnTimeout (timers.js:300:5)
    at listOnTimeout (timers.js:263:5)
    at Timer.processTimers (timers.js:223:10)
name: "ClusterClientNoResponseError"
pid: 942
hostname: guojionweidembp

2019-08-17 09:09:42,062 ERROR 942 nodejs.ClusterClientNoResponseError: client no response in 7220442ms exceeding maxIdleTime 60000ms, maybe the connection is close on other side.
    at Timeout.Leader._heartbeatTimer.setInterval [as _onTimeout] (/Users/guojiongwei/Desktop/wuyou/egg/myapp/node_modules/_cluster-client@3.0.1@cluster-client/lib/leader.js:77:23)
    at ontimeout (timers.js:436:11)
    at tryOnTimeout (timers.js:300:5)
    at listOnTimeout (timers.js:263:5)
    at Timer.processTimers (timers.js:223:10)
name: "ClusterClientNoResponseError"
pid: 942
hostname: guojionweidembp

2019-08-17 11:10:04,252 ERROR 942 nodejs.ClusterClientNoResponseError: client no response in 7222094ms exceeding maxIdleTime 60000ms, maybe the connection is close on other side.
    at Timeout.Leader._heartbeatTimer.setInterval [as _onTimeout] (/Users/guojiongwei/Desktop/wuyou/egg/myapp/node_modules/_cluster-client@3.0.1@cluster-client/lib/leader.js:77:23)
    at ontimeout (timers.js:436:11)
    at tryOnTimeout (timers.js:300:5)
    at listOnTimeout (timers.js:263:5)
    at Timer.processTimers (timers.js:223:10)
name: "ClusterClientNoResponseError"
pid: 942
hostname: guojionweidembp

2019-08-17 11:53:54,209 ERROR 942 nodejs.ClusterClientNoResponseError: client no response in 2629841ms exceeding maxIdleTime 60000ms, maybe the connection is close on other side.
    at Timeout.Leader._heartbeatTimer.setInterval [as _onTimeout] (/Users/guojiongwei/Desktop/wuyou/egg/myapp/node_modules/_cluster-client@3.0.1@cluster-client/lib/leader.js:77:23)
    at ontimeout (timers.js:436:11)
    at tryOnTimeout (timers.js:300:5)
    at listOnTimeout (timers.js:263:5)
    at Timer.processTimers (timers.js:223:10)
name: "ClusterClientNoResponseError"
pid: 942
hostname: guojionweidembp

2019-08-18 13:52:19,804 ERROR 748 nodejs.ClusterClientNoResponseError: client no response in 637120ms exceeding maxIdleTime 60000ms, maybe the connection is close on other side.
    at Timeout.Leader._heartbeatTimer.setInterval [as _onTimeout] (/Users/guojiongwei/Desktop/wuyou/egg/myapp/node_modules/_cluster-client@3.0.1@cluster-client/lib/leader.js:77:23)
    at ontimeout (timers.js:436:11)
    at tryOnTimeout (timers.js:300:5)
    at listOnTimeout (timers.js:263:5)
    at Timer.processTimers (timers.js:223:10)
name: "ClusterClientNoResponseError"
pid: 748
hostname: 192.168.1.104

2019-08-18 14:28:53,426 ERROR 748 nodejs.ClusterClientNoResponseError: client no response in 2193614ms exceeding maxIdleTime 60000ms, maybe the connection is close on other side.
    at Timeout.Leader._heartbeatTimer.setInterval [as _onTimeout] (/Users/guojiongwei/Desktop/wuyou/egg/myapp/node_modules/_cluster-client@3.0.1@cluster-client/lib/leader.js:77:23)
    at ontimeout (timers.js:436:11)
    at tryOnTimeout (timers.js:300:5)
    at listOnTimeout (timers.js:263:5)
    at Timer.processTimers (timers.js:223:10)
name: "ClusterClientNoResponseError"
pid: 748
hostname: 192.168.1.104

2019-08-18 23:09:27,995 ERROR 874 [-/::1/-/7ms GET /] nodejs.TypeError: Cannot read property 'test' of undefined
    at /Users/guojiongwei/Desktop/wuyou/egg/myapp/app/middleware/time.js:10:27
    at process._tickCallback (internal/process/next_tick.js:68:7)

pid: 874
hostname: guojionweidembp

2019-08-20 23:05:36,801 ERROR 2370 [-/127.0.0.1/-/9ms POST /post] nodejs.TypeError: Cannot read property 'set' of undefined
    at HomeController.post (/Users/guojiongwei/Desktop/wuyou/egg/myapp/app/controller/home.js:14:18)
    at Object.callFn (/Users/guojiongwei/Desktop/wuyou/egg/myapp/node_modules/_egg-core@4.17.3@egg-core/lib/utils/index.js:44:21)
    at Object.classControllerMiddleware (/Users/guojiongwei/Desktop/wuyou/egg/myapp/node_modules/_egg-core@4.17.3@egg-core/lib/loader/mixin/controller.js:87:20)
    at Object.callFn (/Users/guojiongwei/Desktop/wuyou/egg/myapp/node_modules/_@eggjs_router@2.0.0@@eggjs/router/lib/utils.js:12:21)
    at wrappedController (/Users/guojiongwei/Desktop/wuyou/egg/myapp/node_modules/_@eggjs_router@2.0.0@@eggjs/router/lib/egg_router.js:322:18)
    at dispatch (/Users/guojiongwei/Desktop/wuyou/egg/myapp/node_modules/_koa-compose@3.2.1@koa-compose/index.js:44:32)
    at next (/Users/guojiongwei/Desktop/wuyou/egg/myapp/node_modules/_koa-compose@3.2.1@koa-compose/index.js:45:18)
    at /Users/guojiongwei/Desktop/wuyou/egg/myapp/node_modules/_@eggjs_router@2.0.0@@eggjs/router/lib/router.js:190:18
    at dispatch (/Users/guojiongwei/Desktop/wuyou/egg/myapp/node_modules/_koa-compose@3.2.1@koa-compose/index.js:44:32)
    at /Users/guojiongwei/Desktop/wuyou/egg/myapp/node_modules/_koa-compose@3.2.1@koa-compose/index.js:36:12

pid: 2370
hostname: guojionweidembp

